# JRE version: Java(TM) SE Runtime Environment 18.9 (11.0.7+8) (build 11.0.7+8-LTS)
# Java VM: Java HotSpot(TM) 64-Bit Server VM 18.9 (11.0.7+8-LTS, mixed mode, tiered, compressed oops, g1 gc, windows-amd64)
Heap:
 garbage-first heap   total 129024K, used 91503K [0x00000000c1600000, 0x0000000100000000)
  region size 1024K, 75 young (76800K), 7 survivors (7168K)
 Metaspace       used 61017K, capacity 62800K, committed 63064K, reserved 1103872K
  class space    used 8060K, capacity 8779K, committed 8832K, reserved 1048576K
GC Heap History (10 events):
Event: 3.302 GC heap after
{Heap after GC invocations=12 (full 0):
 garbage-first heap   total 98304K, used 15147K [0x00000000c1600000, 0x0000000100000000)
  region size 1024K, 7 young (7168K), 7 survivors (7168K)
 Metaspace       used 34084K, capacity 35305K, committed 35584K, reserved 1079296K
  class space    used 4300K, capacity 4766K, committed 4864K, reserved 1048576K
}
Event: 3.422 GC heap before
{Heap before GC invocations=12 (full 0):
 garbage-first heap   total 98304K, used 65323K [0x00000000c1600000, 0x0000000100000000)
  region size 1024K, 57 young (58368K), 7 survivors (7168K)
 Metaspace       used 34684K, capacity 35941K, committed 36096K, reserved 1081344K
  class space    used 4350K, capacity 4807K, committed 4864K, reserved 1048576K
}
Event: 3.438 GC heap after
{Heap after GC invocations=13 (full 0):
 garbage-first heap   total 98304K, used 15683K [0x00000000c1600000, 0x0000000100000000)
  region size 1024K, 4 young (4096K), 4 survivors (4096K)
 Metaspace       used 34684K, capacity 35941K, committed 36096K, reserved 1081344K
  class space    used 4350K, capacity 4807K, committed 4864K, reserved 1048576K
}
Event: 4.122 GC heap before
{Heap before GC invocations=13 (full 0):
 garbage-first heap   total 98304K, used 68931K [0x00000000c1600000, 0x0000000100000000)
  region size 1024K, 57 young (58368K), 4 survivors (4096K)
 Metaspace       used 41392K, capacity 42830K, committed 42880K, reserved 1087488K
  class space    used 5176K, capacity 5714K, committed 5760K, reserved 1048576K
}
Event: 4.133 GC heap after
{Heap after GC invocations=14 (full 0):
 garbage-first heap   total 98304K, used 19157K [0x00000000c1600000, 0x0000000100000000)
  region size 1024K, 8 young (8192K), 8 survivors (8192K)
 Metaspace       used 41392K, capacity 42830K, committed 42880K, reserved 1087488K
  class space    used 5176K, capacity 5714K, committed 5760K, reserved 1048576K
}
Event: 4.384 GC heap before
{Heap before GC invocations=14 (full 0):
 garbage-first heap   total 98304K, used 34517K [0x00000000c1600000, 0x0000000100000000)
  region size 1024K, 25 young (25600K), 8 survivors (8192K)
 Metaspace       used 44200K, capacity 45530K, committed 45656K, reserved 1089536K
  class space    used 5422K, capacity 5951K, committed 6016K, reserved 1048576K
}
Event: 4.401 GC heap after
{Heap after GC invocations=15 (full 0):
 garbage-first heap   total 129024K, used 19866K [0x00000000c1600000, 0x0000000100000000)
  region size 1024K, 5 young (5120K), 5 survivors (5120K)
 Metaspace       used 44200K, capacity 45530K, committed 45656K, reserved 1089536K
  class space    used 5422K, capacity 5951K, committed 6016K, reserved 1048576K
}
Event: 5.277 GC heap before
{Heap before GC invocations=16 (full 0):
 garbage-first heap   total 129024K, used 86426K [0x00000000c1600000, 0x0000000100000000)
  region size 1024K, 70 young (71680K), 5 survivors (5120K)
 Metaspace       used 53180K, capacity 54596K, committed 54872K, reserved 1097728K
  class space    used 6905K, capacity 7475K, committed 7552K, reserved 1048576K
}
Event: 5.293 GC heap after
{Heap after GC invocations=17 (full 0):
 garbage-first heap   total 129024K, used 21871K [0x00000000c1600000, 0x0000000100000000)
  region size 1024K, 7 young (7168K), 7 survivors (7168K)
 Metaspace       used 53180K, capacity 54596K, committed 54872K, reserved 1097728K
  class space    used 6905K, capacity 7475K, committed 7552K, reserved 1048576K
}
Event: 6.304 GC heap before
{Heap before GC invocations=18 (full 0):
 garbage-first heap   total 129024K, used 91503K [0x00000000c1600000, 0x0000000100000000)
  region size 1024K, 75 young (76800K), 7 survivors (7168K)
 Metaspace       used 61017K, capacity 62800K, committed 63064K, reserved 1103872K
  class space    used 8060K, capacity 8779K, committed 8832K, reserved 1048576K
}

