# JRE version: Java(TM) SE Runtime Environment 18.9 (11.0.7+8) (build 11.0.7+8-LTS)
# Java VM: Java HotSpot(TM) 64-Bit Server VM 18.9 (11.0.7+8-LTS, mixed mode, tiered, compressed oops, g1 gc, windows-amd64)
Heap:
 garbage-first heap   total 81920K, used 65707K [0x00000000c1600000, 0x0000000100000000)
  region size 1024K, 43 young (44032K), 4 survivors (4096K)
 Metaspace       used 64888K, capacity 66980K, committed 67276K, reserved 1107968K
  class space    used 8525K, capacity 9354K, committed 9420K, reserved 1048576K
GC Heap History (10 events):
Event: 70.899 GC heap after
{Heap after GC invocations=21 (full 1):
 garbage-first heap   total 81920K, used 25548K [0x00000000c1600000, 0x0000000100000000)
  region size 1024K, 3 young (3072K), 3 survivors (3072K)
 Metaspace       used 64512K, capacity 66511K, committed 66636K, reserved 1105920K
  class space    used 8478K, capacity 9237K, committed 9292K, reserved 1048576K
}
Event: 116.673 GC heap before
{Heap before GC invocations=21 (full 1):
 garbage-first heap   total 81920K, used 65484K [0x00000000c1600000, 0x0000000100000000)
  region size 1024K, 42 young (43008K), 3 survivors (3072K)
 Metaspace       used 64713K, capacity 66735K, committed 67020K, reserved 1107968K
  class space    used 8505K, capacity 9299K, committed 9420K, reserved 1048576K
}
Event: 116.682 GC heap after
{Heap after GC invocations=22 (full 1):
 garbage-first heap   total 81920K, used 27312K [0x00000000c1600000, 0x0000000100000000)
  region size 1024K, 4 young (4096K), 4 survivors (4096K)
 Metaspace       used 64713K, capacity 66735K, committed 67020K, reserved 1107968K
  class space    used 8505K, capacity 9299K, committed 9420K, reserved 1048576K
}
Event: 661.992 GC heap before
{Heap before GC invocations=22 (full 1):
 garbage-first heap   total 81920K, used 42672K [0x00000000c1600000, 0x0000000100000000)
  region size 1024K, 20 young (20480K), 4 survivors (4096K)
 Metaspace       used 64717K, capacity 66742K, committed 67020K, reserved 1107968K
  class space    used 8505K, capacity 9301K, committed 9420K, reserved 1048576K
}
Event: 662.063 GC heap after
{Heap after GC invocations=23 (full 2):
 garbage-first heap   total 81920K, used 23607K [0x00000000c1600000, 0x0000000100000000)
  region size 1024K, 0 young (0K), 0 survivors (0K)
 Metaspace       used 64715K, capacity 66736K, committed 67020K, reserved 1107968K
  class space    used 8505K, capacity 9299K, committed 9420K, reserved 1048576K
}
Event: 662.515 GC heap before
{Heap before GC invocations=23 (full 2):
 garbage-first heap   total 81920K, used 63543K [0x00000000c1600000, 0x0000000100000000)
  region size 1024K, 40 young (40960K), 0 survivors (0K)
 Metaspace       used 64772K, capacity 66846K, committed 67020K, reserved 1107968K
  class space    used 8513K, capacity 9312K, committed 9420K, reserved 1048576K
}
Event: 662.519 GC heap after
{Heap after GC invocations=24 (full 2):
 garbage-first heap   total 81920K, used 26003K [0x00000000c1600000, 0x0000000100000000)
  region size 1024K, 3 young (3072K), 3 survivors (3072K)
 Metaspace       used 64772K, capacity 66846K, committed 67020K, reserved 1107968K
  class space    used 8513K, capacity 9312K, committed 9420K, reserved 1048576K
}
Event: 662.631 GC heap before
{Heap before GC invocations=24 (full 2):
 garbage-first heap   total 81920K, used 63891K [0x00000000c1600000, 0x0000000100000000)
  region size 1024K, 41 young (41984K), 3 survivors (3072K)
 Metaspace       used 64772K, capacity 66846K, committed 67020K, reserved 1107968K
  class space    used 8513K, capacity 9312K, committed 9420K, reserved 1048576K
}
Event: 662.638 GC heap after
{Heap after GC invocations=25 (full 2):
 garbage-first heap   total 81920K, used 25771K [0x00000000c1600000, 0x0000000100000000)
  region size 1024K, 3 young (3072K), 3 survivors (3072K)
 Metaspace       used 64772K, capacity 66846K, committed 67020K, reserved 1107968K
  class space    used 8513K, capacity 9312K, committed 9420K, reserved 1048576K
}
Event: 804.430 GC heap before
{Heap before GC invocations=25 (full 2):
 garbage-first heap   total 81920K, used 65707K [0x00000000c1600000, 0x0000000100000000)
  region size 1024K, 42 young (43008K), 3 survivors (3072K)
 Metaspace       used 64888K, capacity 66980K, committed 67276K, reserved 1107968K
  class space    used 8525K, capacity 9354K, committed 9420K, reserved 1048576K
}

